[0.011s] Invoking command in '/home/linux/ros2_ws/build/pub1-2': CMAKE_PREFIX_PATH=${CMAKE_PREFIX_PATH}:/opt/ros/foxy CONDA_PROMPT_MODIFIER=(ros2) /usr/bin/cmake /home/linux/ros2_ws/src/pub1-2 -DAMENT_CMAKE_SYMLINK_INSTALL=1 -DCMAKE_INSTALL_PREFIX=/home/linux/ros2_ws/install/pub1-2
[0.200s] -- The C compiler identification is GNU 9.4.0
[0.419s] -- The CXX compiler identification is GNU 9.4.0
[0.474s] -- Check for working C compiler: /usr/bin/cc
[0.553s] -- Check for working C compiler: /usr/bin/cc -- works
[0.555s] -- Detecting C compiler ABI info
[0.634s] -- Detecting C compiler ABI info - done
[0.641s] -- Detecting C compile features
[0.642s] -- Detecting C compile features - done
[0.643s] -- Check for working CXX compiler: /usr/bin/c++
[0.721s] -- Check for working CXX compiler: /usr/bin/c++ -- works
[0.721s] -- Detecting CXX compiler ABI info
[0.809s] -- Detecting CXX compiler ABI info - done
[0.817s] -- Detecting CXX compile features
[0.817s] -- Detecting CXX compile features - done
[0.821s] -- Found ament_cmake: 0.9.12 (/opt/ros/foxy/share/ament_cmake/cmake)
[0.847s] -- Found PythonInterp: /home/linux/anaconda3/envs/ros2/bin/python3 (found suitable version "3.8.20", minimum required is "3") 
[0.847s] -- Using PYTHON_EXECUTABLE: /home/linux/anaconda3/envs/ros2/bin/python3
[0.993s] -- Override CMake install command with custom implementation using symlinks instead of copying resources
[1.017s] -- Found rclcpp: 2.4.3 (/opt/ros/foxy/share/rclcpp/cmake)
[1.133s] -- Using all available rosidl_typesupport_c: rosidl_typesupport_fastrtps_c;rosidl_typesupport_introspection_c
[1.139s] -- Found rosidl_adapter: 1.3.1 (/opt/ros/foxy/share/rosidl_adapter/cmake)
[1.662s] -- Found OpenSSL: /usr/lib/x86_64-linux-gnu/libcrypto.so (found version "1.1.1f")  
[2.129s] -- Found FastRTPS: /opt/ros/foxy/include  
[3.025s] -- Using all available rosidl_typesupport_cpp: rosidl_typesupport_fastrtps_cpp;rosidl_typesupport_introspection_cpp
[3.072s] -- Found rmw_implementation_cmake: 1.0.4 (/opt/ros/foxy/share/rmw_implementation_cmake/cmake)
[3.074s] -- Using RMW implementation 'rmw_fastrtps_cpp' as default
[3.076s] -- Looking for pthread.h
[3.151s] -- Looking for pthread.h - found
[3.151s] -- Performing Test CMAKE_HAVE_LIBC_PTHREAD
[3.227s] -- Performing Test CMAKE_HAVE_LIBC_PTHREAD - Failed
[3.227s] -- Looking for pthread_create in pthreads
[3.304s] -- Looking for pthread_create in pthreads - not found
[3.305s] -- Looking for pthread_create in pthread
[3.380s] -- Looking for pthread_create in pthread - found
[3.381s] -- Found Threads: TRUE  
[3.489s] -- Found geometry_msgs: 2.0.5 (/opt/ros/foxy/share/geometry_msgs/cmake)
[3.572s] -- Configuring done
[3.577s] -- Generating done
[3.580s] -- Build files have been written to: /home/linux/ros2_ws/build/pub1-2
[3.585s] Invoked command in '/home/linux/ros2_ws/build/pub1-2' returned '0': CMAKE_PREFIX_PATH=${CMAKE_PREFIX_PATH}:/opt/ros/foxy CONDA_PROMPT_MODIFIER=(ros2) /usr/bin/cmake /home/linux/ros2_ws/src/pub1-2 -DAMENT_CMAKE_SYMLINK_INSTALL=1 -DCMAKE_INSTALL_PREFIX=/home/linux/ros2_ws/install/pub1-2
[3.588s] Invoking command in '/home/linux/ros2_ws/build/pub1-2': CMAKE_PREFIX_PATH=${CMAKE_PREFIX_PATH}:/opt/ros/foxy CONDA_PROMPT_MODIFIER=(ros2) /usr/bin/cmake --build /home/linux/ros2_ws/build/pub1-2 -- -j20 -l20
[3.614s] [35m[1mScanning dependencies of target pub1-2[0m
[3.690s] [ 50%] [32mBuilding CXX object CMakeFiles/pub1-2.dir/src/pub1-2.cpp.o[0m
[5.392s] [100%] [32m[1mLinking CXX executable pub1-2[0m
[5.532s] [100%] Built target pub1-2
[5.541s] Invoked command in '/home/linux/ros2_ws/build/pub1-2' returned '0': CMAKE_PREFIX_PATH=${CMAKE_PREFIX_PATH}:/opt/ros/foxy CONDA_PROMPT_MODIFIER=(ros2) /usr/bin/cmake --build /home/linux/ros2_ws/build/pub1-2 -- -j20 -l20
[5.551s] Invoking command in '/home/linux/ros2_ws/build/pub1-2': CMAKE_PREFIX_PATH=${CMAKE_PREFIX_PATH}:/opt/ros/foxy CONDA_PROMPT_MODIFIER=(ros2) /usr/bin/cmake --install /home/linux/ros2_ws/build/pub1-2
[5.556s] -- Install configuration: ""
[5.556s] -- Execute custom install script
[5.557s] -- Symlinking: /home/linux/ros2_ws/install/pub1-2/lib/pub1-2/pub1-2
[5.563s] -- Symlinking: /home/linux/ros2_ws/install/pub1-2/share/ament_index/resource_index/package_run_dependencies/pub1-2
[5.569s] -- Symlinking: /home/linux/ros2_ws/install/pub1-2/share/ament_index/resource_index/parent_prefix_path/pub1-2
[5.576s] -- Symlinking: /home/linux/ros2_ws/install/pub1-2/share/pub1-2/environment/ament_prefix_path.sh
[5.583s] -- Symlinking: /home/linux/ros2_ws/install/pub1-2/share/pub1-2/environment/ament_prefix_path.dsv
[5.589s] -- Symlinking: /home/linux/ros2_ws/install/pub1-2/share/pub1-2/environment/path.sh
[5.595s] -- Symlinking: /home/linux/ros2_ws/install/pub1-2/share/pub1-2/environment/path.dsv
[5.600s] -- Symlinking: /home/linux/ros2_ws/install/pub1-2/share/pub1-2/local_setup.bash
[5.606s] -- Symlinking: /home/linux/ros2_ws/install/pub1-2/share/pub1-2/local_setup.sh
[5.611s] -- Symlinking: /home/linux/ros2_ws/install/pub1-2/share/pub1-2/local_setup.zsh
[5.616s] -- Symlinking: /home/linux/ros2_ws/install/pub1-2/share/pub1-2/local_setup.dsv
[5.621s] -- Symlinking: /home/linux/ros2_ws/install/pub1-2/share/pub1-2/package.dsv
[5.627s] -- Symlinking: /home/linux/ros2_ws/install/pub1-2/share/ament_index/resource_index/packages/pub1-2
[5.633s] -- Symlinking: /home/linux/ros2_ws/install/pub1-2/share/pub1-2/cmake/pub1-2Config.cmake
[5.638s] -- Symlinking: /home/linux/ros2_ws/install/pub1-2/share/pub1-2/cmake/pub1-2Config-version.cmake
[5.644s] -- Symlinking: /home/linux/ros2_ws/install/pub1-2/share/pub1-2/package.xml
[5.651s] Invoked command in '/home/linux/ros2_ws/build/pub1-2' returned '0': CMAKE_PREFIX_PATH=${CMAKE_PREFIX_PATH}:/opt/ros/foxy CONDA_PROMPT_MODIFIER=(ros2) /usr/bin/cmake --install /home/linux/ros2_ws/build/pub1-2
