[0.011s] Invoking command in '/home/linux/ros2_ws/build/pub1-1': CMAKE_PREFIX_PATH=${CMAKE_PREFIX_PATH}:/opt/ros/foxy CONDA_PROMPT_MODIFIER=(ros2) /usr/bin/cmake /home/linux/ros2_ws/src/pub1-1 -DAMENT_CMAKE_SYMLINK_INSTALL=1 -DCMAKE_INSTALL_PREFIX=/home/linux/ros2_ws/install/pub1-1
[0.166s] -- The C compiler identification is GNU 9.4.0
[0.329s] -- The CXX compiler identification is GNU 9.4.0
[0.382s] -- Check for working C compiler: /usr/bin/cc
[0.460s] -- Check for working C compiler: /usr/bin/cc -- works
[0.462s] -- Detecting C compiler ABI info
[0.532s] -- Detecting C compiler ABI info - done
[0.538s] -- Detecting C compile features
[0.539s] -- Detecting C compile features - done
[0.541s] -- Check for working CXX compiler: /usr/bin/c++
[0.618s] -- Check for working CXX compiler: /usr/bin/c++ -- works
[0.619s] -- Detecting CXX compiler ABI info
[0.695s] -- Detecting CXX compiler ABI info - done
[0.701s] -- Detecting CXX compile features
[0.702s] -- Detecting CXX compile features - done
[0.706s] -- Found ament_cmake: 0.9.12 (/opt/ros/foxy/share/ament_cmake/cmake)
[0.731s] -- Found PythonInterp: /home/linux/anaconda3/envs/ros2/bin/python3 (found suitable version "3.8.20", minimum required is "3") 
[0.731s] -- Using PYTHON_EXECUTABLE: /home/linux/anaconda3/envs/ros2/bin/python3
[0.873s] -- Override CMake install command with custom implementation using symlinks instead of copying resources
[0.895s] -- Found rclcpp: 2.4.3 (/opt/ros/foxy/share/rclcpp/cmake)
[0.993s] -- Using all available rosidl_typesupport_c: rosidl_typesupport_fastrtps_c;rosidl_typesupport_introspection_c
[0.999s] -- Found rosidl_adapter: 1.3.1 (/opt/ros/foxy/share/rosidl_adapter/cmake)
[1.444s] -- Found OpenSSL: /usr/lib/x86_64-linux-gnu/libcrypto.so (found version "1.1.1f")  
[1.868s] -- Found FastRTPS: /opt/ros/foxy/include  
[2.693s] -- Using all available rosidl_typesupport_cpp: rosidl_typesupport_fastrtps_cpp;rosidl_typesupport_introspection_cpp
[2.746s] -- Found rmw_implementation_cmake: 1.0.4 (/opt/ros/foxy/share/rmw_implementation_cmake/cmake)
[2.748s] -- Using RMW implementation 'rmw_fastrtps_cpp' as default
[2.750s] -- Looking for pthread.h
[2.834s] -- Looking for pthread.h - found
[2.834s] -- Performing Test CMAKE_HAVE_LIBC_PTHREAD
[2.910s] -- Performing Test CMAKE_HAVE_LIBC_PTHREAD - Failed
[2.910s] -- Looking for pthread_create in pthreads
[2.971s] -- Looking for pthread_create in pthreads - not found
[2.971s] -- Looking for pthread_create in pthread
[3.043s] -- Looking for pthread_create in pthread - found
[3.044s] -- Found Threads: TRUE  
[3.147s] -- Found geometry_msgs: 2.0.5 (/opt/ros/foxy/share/geometry_msgs/cmake)
[3.233s] -- Configuring done
[3.239s] -- Generating done
[3.241s] -- Build files have been written to: /home/linux/ros2_ws/build/pub1-1
[3.247s] Invoked command in '/home/linux/ros2_ws/build/pub1-1' returned '0': CMAKE_PREFIX_PATH=${CMAKE_PREFIX_PATH}:/opt/ros/foxy CONDA_PROMPT_MODIFIER=(ros2) /usr/bin/cmake /home/linux/ros2_ws/src/pub1-1 -DAMENT_CMAKE_SYMLINK_INSTALL=1 -DCMAKE_INSTALL_PREFIX=/home/linux/ros2_ws/install/pub1-1
[3.249s] Invoking command in '/home/linux/ros2_ws/build/pub1-1': CMAKE_PREFIX_PATH=${CMAKE_PREFIX_PATH}:/opt/ros/foxy CONDA_PROMPT_MODIFIER=(ros2) /usr/bin/cmake --build /home/linux/ros2_ws/build/pub1-1 -- -j20 -l20
[3.275s] [35m[1mScanning dependencies of target pub1-1[0m
[3.352s] [ 50%] [32mBuilding CXX object CMakeFiles/pub1-1.dir/src/pub1-1.cpp.o[0m
[4.992s] [100%] [32m[1mLinking CXX executable pub1-1[0m
[5.125s] [100%] Built target pub1-1
[5.133s] Invoked command in '/home/linux/ros2_ws/build/pub1-1' returned '0': CMAKE_PREFIX_PATH=${CMAKE_PREFIX_PATH}:/opt/ros/foxy CONDA_PROMPT_MODIFIER=(ros2) /usr/bin/cmake --build /home/linux/ros2_ws/build/pub1-1 -- -j20 -l20
[5.140s] Invoking command in '/home/linux/ros2_ws/build/pub1-1': CMAKE_PREFIX_PATH=${CMAKE_PREFIX_PATH}:/opt/ros/foxy CONDA_PROMPT_MODIFIER=(ros2) /usr/bin/cmake --install /home/linux/ros2_ws/build/pub1-1
[5.145s] -- Install configuration: ""
[5.145s] -- Execute custom install script
[5.146s] -- Symlinking: /home/linux/ros2_ws/install/pub1-1/lib/pub1-1/pub1-1
[5.151s] -- Symlinking: /home/linux/ros2_ws/install/pub1-1/share/ament_index/resource_index/package_run_dependencies/pub1-1
[5.157s] -- Symlinking: /home/linux/ros2_ws/install/pub1-1/share/ament_index/resource_index/parent_prefix_path/pub1-1
[5.162s] -- Symlinking: /home/linux/ros2_ws/install/pub1-1/share/pub1-1/environment/ament_prefix_path.sh
[5.167s] -- Symlinking: /home/linux/ros2_ws/install/pub1-1/share/pub1-1/environment/ament_prefix_path.dsv
[5.172s] -- Symlinking: /home/linux/ros2_ws/install/pub1-1/share/pub1-1/environment/path.sh
[5.177s] -- Symlinking: /home/linux/ros2_ws/install/pub1-1/share/pub1-1/environment/path.dsv
[5.182s] -- Symlinking: /home/linux/ros2_ws/install/pub1-1/share/pub1-1/local_setup.bash
[5.187s] -- Symlinking: /home/linux/ros2_ws/install/pub1-1/share/pub1-1/local_setup.sh
[5.192s] -- Symlinking: /home/linux/ros2_ws/install/pub1-1/share/pub1-1/local_setup.zsh
[5.197s] -- Symlinking: /home/linux/ros2_ws/install/pub1-1/share/pub1-1/local_setup.dsv
[5.202s] -- Symlinking: /home/linux/ros2_ws/install/pub1-1/share/pub1-1/package.dsv
[5.207s] -- Symlinking: /home/linux/ros2_ws/install/pub1-1/share/ament_index/resource_index/packages/pub1-1
[5.212s] -- Symlinking: /home/linux/ros2_ws/install/pub1-1/share/pub1-1/cmake/pub1-1Config.cmake
[5.216s] -- Symlinking: /home/linux/ros2_ws/install/pub1-1/share/pub1-1/cmake/pub1-1Config-version.cmake
[5.222s] -- Symlinking: /home/linux/ros2_ws/install/pub1-1/share/pub1-1/package.xml
[5.228s] Invoked command in '/home/linux/ros2_ws/build/pub1-1' returned '0': CMAKE_PREFIX_PATH=${CMAKE_PREFIX_PATH}:/opt/ros/foxy CONDA_PROMPT_MODIFIER=(ros2) /usr/bin/cmake --install /home/linux/ros2_ws/build/pub1-1
