[0.125s] DEBUG:colcon:Command line arguments: ['/usr/bin/colcon', 'build', '--symlink-install', '--packages-select', 'pub1-3']
[0.125s] DEBUG:colcon:Parsed command line arguments: Namespace(allow_overriding=[], ament_cmake_args=None, base_paths=['.'], build_base='build', catkin_cmake_args=None, catkin_skip_building_tests=False, cmake_args=None, cmake_clean_cache=False, cmake_clean_first=False, cmake_force_configure=False, cmake_target=None, cmake_target_skip_unavailable=False, continue_on_error=False, event_handlers=None, executor='parallel', ignore_user_meta=False, install_base='install', log_base=None, log_level=None, main=<bound method BuildVerb.main of <colcon_core.verb.build.BuildVerb object at 0x7fd1d44bccd0>>, merge_install=False, metas=['./colcon.meta'], packages_above=None, packages_above_and_dependencies=None, packages_above_depth=None, packages_end=None, packages_ignore=None, packages_ignore_regex=None, packages_select=['pub1-3'], packages_select_build_failed=False, packages_select_by_dep=None, packages_select_regex=None, packages_select_test_failures=False, packages_skip=None, packages_skip_build_finished=False, packages_skip_by_dep=None, packages_skip_regex=None, packages_skip_test_passed=False, packages_skip_up_to=None, packages_start=None, packages_up_to=None, packages_up_to_regex=None, parallel_workers=20, paths=None, symlink_install=True, test_result_base=None, verb_extension=<colcon_core.verb.build.BuildVerb object at 0x7fd1d44bccd0>, verb_name='build', verb_parser=<colcon_defaults.argument_parser.defaults.DefaultArgumentsDecorator object at 0x7fd1d444b160>)
[0.247s] Level 1:colcon.colcon_core.package_discovery:discover_packages(colcon_meta) check parameters
[0.247s] Level 1:colcon.colcon_core.package_discovery:discover_packages(recursive) check parameters
[0.247s] Level 1:colcon.colcon_core.package_discovery:discover_packages(ignore) check parameters
[0.247s] Level 1:colcon.colcon_core.package_discovery:discover_packages(path) check parameters
[0.247s] Level 1:colcon.colcon_core.package_discovery:discover_packages(colcon_meta) discover
[0.247s] Level 1:colcon.colcon_core.package_discovery:discover_packages(recursive) discover
[0.247s] INFO:colcon.colcon_core.package_discovery:Crawling recursively for packages in '/home/linux/ros2_ws'
[0.247s] Level 1:colcon.colcon_core.package_identification:_identify(.) by extensions ['ignore', 'ignore_ament_install']
[0.247s] Level 1:colcon.colcon_core.package_identification:_identify(.) by extension 'ignore'
[0.247s] Level 1:colcon.colcon_core.package_identification:_identify(.) by extension 'ignore_ament_install'
[0.247s] Level 1:colcon.colcon_core.package_identification:_identify(.) by extensions ['colcon_pkg']
[0.247s] Level 1:colcon.colcon_core.package_identification:_identify(.) by extension 'colcon_pkg'
[0.247s] Level 1:colcon.colcon_core.package_identification:_identify(.) by extensions ['colcon_meta']
[0.247s] Level 1:colcon.colcon_core.package_identification:_identify(.) by extension 'colcon_meta'
[0.248s] Level 1:colcon.colcon_core.package_identification:_identify(.) by extensions ['ros']
[0.248s] Level 1:colcon.colcon_core.package_identification:_identify(.) by extension 'ros'
[0.258s] Level 1:colcon.colcon_core.package_identification:_identify(.) by extensions ['cmake', 'python']
[0.258s] Level 1:colcon.colcon_core.package_identification:_identify(.) by extension 'cmake'
[0.259s] Level 1:colcon.colcon_core.package_identification:_identify(.) by extension 'python'
[0.259s] Level 1:colcon.colcon_core.package_identification:_identify(.) by extensions ['python_setup_py']
[0.259s] Level 1:colcon.colcon_core.package_identification:_identify(.) by extension 'python_setup_py'
[0.260s] Level 1:colcon.colcon_core.package_identification:_identify(build) by extensions ['ignore', 'ignore_ament_install']
[0.260s] Level 1:colcon.colcon_core.package_identification:_identify(build) by extension 'ignore'
[0.260s] Level 1:colcon.colcon_core.package_identification:_identify(build) ignored
[0.260s] Level 1:colcon.colcon_core.package_identification:_identify(install) by extensions ['ignore', 'ignore_ament_install']
[0.260s] Level 1:colcon.colcon_core.package_identification:_identify(install) by extension 'ignore'
[0.260s] Level 1:colcon.colcon_core.package_identification:_identify(install) ignored
[0.261s] Level 1:colcon.colcon_core.package_identification:_identify(log) by extensions ['ignore', 'ignore_ament_install']
[0.261s] Level 1:colcon.colcon_core.package_identification:_identify(log) by extension 'ignore'
[0.261s] Level 1:colcon.colcon_core.package_identification:_identify(log) ignored
[0.261s] Level 1:colcon.colcon_core.package_identification:_identify(src) by extensions ['ignore', 'ignore_ament_install']
[0.261s] Level 1:colcon.colcon_core.package_identification:_identify(src) by extension 'ignore'
[0.261s] Level 1:colcon.colcon_core.package_identification:_identify(src) by extension 'ignore_ament_install'
[0.261s] Level 1:colcon.colcon_core.package_identification:_identify(src) by extensions ['colcon_pkg']
[0.261s] Level 1:colcon.colcon_core.package_identification:_identify(src) by extension 'colcon_pkg'
[0.261s] Level 1:colcon.colcon_core.package_identification:_identify(src) by extensions ['colcon_meta']
[0.261s] Level 1:colcon.colcon_core.package_identification:_identify(src) by extension 'colcon_meta'
[0.261s] Level 1:colcon.colcon_core.package_identification:_identify(src) by extensions ['ros']
[0.261s] Level 1:colcon.colcon_core.package_identification:_identify(src) by extension 'ros'
[0.261s] Level 1:colcon.colcon_core.package_identification:_identify(src) by extensions ['cmake', 'python']
[0.261s] Level 1:colcon.colcon_core.package_identification:_identify(src) by extension 'cmake'
[0.261s] Level 1:colcon.colcon_core.package_identification:_identify(src) by extension 'python'
[0.261s] Level 1:colcon.colcon_core.package_identification:_identify(src) by extensions ['python_setup_py']
[0.261s] Level 1:colcon.colcon_core.package_identification:_identify(src) by extension 'python_setup_py'
[0.262s] Level 1:colcon.colcon_core.package_identification:_identify(src/first_pkg) by extensions ['ignore', 'ignore_ament_install']
[0.262s] Level 1:colcon.colcon_core.package_identification:_identify(src/first_pkg) by extension 'ignore'
[0.262s] Level 1:colcon.colcon_core.package_identification:_identify(src/first_pkg) by extension 'ignore_ament_install'
[0.262s] Level 1:colcon.colcon_core.package_identification:_identify(src/first_pkg) by extensions ['colcon_pkg']
[0.262s] Level 1:colcon.colcon_core.package_identification:_identify(src/first_pkg) by extension 'colcon_pkg'
[0.262s] Level 1:colcon.colcon_core.package_identification:_identify(src/first_pkg) by extensions ['colcon_meta']
[0.262s] Level 1:colcon.colcon_core.package_identification:_identify(src/first_pkg) by extension 'colcon_meta'
[0.263s] Level 1:colcon.colcon_core.package_identification:_identify(src/first_pkg) by extensions ['ros']
[0.263s] Level 1:colcon.colcon_core.package_identification:_identify(src/first_pkg) by extension 'ros'
[0.267s] DEBUG:colcon.colcon_core.package_identification:Package 'src/first_pkg' with type 'ros.ament_cmake' and name 'first_pkg'
[0.268s] Level 1:colcon.colcon_core.package_identification:_identify(src/pub1) by extensions ['ignore', 'ignore_ament_install']
[0.268s] Level 1:colcon.colcon_core.package_identification:_identify(src/pub1) by extension 'ignore'
[0.268s] Level 1:colcon.colcon_core.package_identification:_identify(src/pub1) by extension 'ignore_ament_install'
[0.268s] Level 1:colcon.colcon_core.package_identification:_identify(src/pub1) by extensions ['colcon_pkg']
[0.268s] Level 1:colcon.colcon_core.package_identification:_identify(src/pub1) by extension 'colcon_pkg'
[0.268s] Level 1:colcon.colcon_core.package_identification:_identify(src/pub1) by extensions ['colcon_meta']
[0.268s] Level 1:colcon.colcon_core.package_identification:_identify(src/pub1) by extension 'colcon_meta'
[0.268s] Level 1:colcon.colcon_core.package_identification:_identify(src/pub1) by extensions ['ros']
[0.268s] Level 1:colcon.colcon_core.package_identification:_identify(src/pub1) by extension 'ros'
[0.269s] DEBUG:colcon.colcon_core.package_identification:Package 'src/pub1' with type 'ros.ament_cmake' and name 'pub1'
[0.269s] Level 1:colcon.colcon_core.package_identification:_identify(src/pub1-1) by extensions ['ignore', 'ignore_ament_install']
[0.270s] Level 1:colcon.colcon_core.package_identification:_identify(src/pub1-1) by extension 'ignore'
[0.270s] Level 1:colcon.colcon_core.package_identification:_identify(src/pub1-1) by extension 'ignore_ament_install'
[0.270s] Level 1:colcon.colcon_core.package_identification:_identify(src/pub1-1) by extensions ['colcon_pkg']
[0.270s] Level 1:colcon.colcon_core.package_identification:_identify(src/pub1-1) by extension 'colcon_pkg'
[0.270s] Level 1:colcon.colcon_core.package_identification:_identify(src/pub1-1) by extensions ['colcon_meta']
[0.270s] Level 1:colcon.colcon_core.package_identification:_identify(src/pub1-1) by extension 'colcon_meta'
[0.270s] Level 1:colcon.colcon_core.package_identification:_identify(src/pub1-1) by extensions ['ros']
[0.270s] Level 1:colcon.colcon_core.package_identification:_identify(src/pub1-1) by extension 'ros'
[0.271s] DEBUG:colcon.colcon_core.package_identification:Package 'src/pub1-1' with type 'ros.ament_cmake' and name 'pub1-1'
[0.271s] Level 1:colcon.colcon_core.package_identification:_identify(src/pub1-2) by extensions ['ignore', 'ignore_ament_install']
[0.272s] Level 1:colcon.colcon_core.package_identification:_identify(src/pub1-2) by extension 'ignore'
[0.272s] Level 1:colcon.colcon_core.package_identification:_identify(src/pub1-2) by extension 'ignore_ament_install'
[0.272s] Level 1:colcon.colcon_core.package_identification:_identify(src/pub1-2) by extensions ['colcon_pkg']
[0.272s] Level 1:colcon.colcon_core.package_identification:_identify(src/pub1-2) by extension 'colcon_pkg'
[0.272s] Level 1:colcon.colcon_core.package_identification:_identify(src/pub1-2) by extensions ['colcon_meta']
[0.272s] Level 1:colcon.colcon_core.package_identification:_identify(src/pub1-2) by extension 'colcon_meta'
[0.272s] Level 1:colcon.colcon_core.package_identification:_identify(src/pub1-2) by extensions ['ros']
[0.272s] Level 1:colcon.colcon_core.package_identification:_identify(src/pub1-2) by extension 'ros'
[0.272s] DEBUG:colcon.colcon_core.package_identification:Package 'src/pub1-2' with type 'ros.ament_cmake' and name 'pub1-2'
[0.272s] Level 1:colcon.colcon_core.package_identification:_identify(src/pub1-3) by extensions ['ignore', 'ignore_ament_install']
[0.272s] Level 1:colcon.colcon_core.package_identification:_identify(src/pub1-3) by extension 'ignore'
[0.273s] Level 1:colcon.colcon_core.package_identification:_identify(src/pub1-3) by extension 'ignore_ament_install'
[0.273s] Level 1:colcon.colcon_core.package_identification:_identify(src/pub1-3) by extensions ['colcon_pkg']
[0.273s] Level 1:colcon.colcon_core.package_identification:_identify(src/pub1-3) by extension 'colcon_pkg'
[0.273s] Level 1:colcon.colcon_core.package_identification:_identify(src/pub1-3) by extensions ['colcon_meta']
[0.273s] Level 1:colcon.colcon_core.package_identification:_identify(src/pub1-3) by extension 'colcon_meta'
[0.273s] Level 1:colcon.colcon_core.package_identification:_identify(src/pub1-3) by extensions ['ros']
[0.273s] Level 1:colcon.colcon_core.package_identification:_identify(src/pub1-3) by extension 'ros'
[0.274s] DEBUG:colcon.colcon_core.package_identification:Package 'src/pub1-3' with type 'ros.ament_cmake' and name 'pub1-3'
[0.274s] Level 1:colcon.colcon_core.package_discovery:discover_packages(recursive) using defaults
[0.274s] Level 1:colcon.colcon_core.package_discovery:discover_packages(ignore) discover
[0.274s] Level 1:colcon.colcon_core.package_discovery:discover_packages(ignore) using defaults
[0.274s] Level 1:colcon.colcon_core.package_discovery:discover_packages(path) discover
[0.274s] Level 1:colcon.colcon_core.package_discovery:discover_packages(path) using defaults
[0.296s] INFO:colcon.colcon_core.package_selection:Skipping not selected package 'first_pkg' in 'src/first_pkg'
[0.296s] INFO:colcon.colcon_core.package_selection:Skipping not selected package 'pub1' in 'src/pub1'
[0.296s] INFO:colcon.colcon_core.package_selection:Skipping not selected package 'pub1-1' in 'src/pub1-1'
[0.296s] INFO:colcon.colcon_core.package_selection:Skipping not selected package 'pub1-2' in 'src/pub1-2'
[0.297s] Level 1:colcon.colcon_core.package_discovery:discover_packages(prefix_path) check parameters
[0.297s] Level 1:colcon.colcon_core.package_discovery:discover_packages(prefix_path) discover
[0.299s] WARNING:colcon.colcon_ros.prefix_path.ament:The path '/home/linux/ros2_ws/install/pub1' in the environment variable AMENT_PREFIX_PATH doesn't exist
[0.299s] WARNING:colcon.colcon_ros.prefix_path.catkin:The path '/home/linux/ros2_ws/install/pub1' in the environment variable CMAKE_PREFIX_PATH doesn't exist
[0.300s] DEBUG:colcon.colcon_installed_package_information.package_discovery:Found 2 installed packages in /home/linux/ros2_ws/install
[0.301s] DEBUG:colcon.colcon_installed_package_information.package_discovery:Found 258 installed packages in /opt/ros/foxy
[0.302s] Level 1:colcon.colcon_core.package_discovery:discover_packages(prefix_path) using defaults
[0.417s] Level 5:colcon.colcon_core.verb:set package 'pub1-3' build argument 'cmake_args' from command line to 'None'
[0.417s] Level 5:colcon.colcon_core.verb:set package 'pub1-3' build argument 'cmake_target' from command line to 'None'
[0.417s] Level 5:colcon.colcon_core.verb:set package 'pub1-3' build argument 'cmake_target_skip_unavailable' from command line to 'False'
[0.417s] Level 5:colcon.colcon_core.verb:set package 'pub1-3' build argument 'cmake_clean_cache' from command line to 'False'
[0.418s] Level 5:colcon.colcon_core.verb:set package 'pub1-3' build argument 'cmake_clean_first' from command line to 'False'
[0.418s] Level 5:colcon.colcon_core.verb:set package 'pub1-3' build argument 'cmake_force_configure' from command line to 'False'
[0.418s] Level 5:colcon.colcon_core.verb:set package 'pub1-3' build argument 'ament_cmake_args' from command line to 'None'
[0.418s] Level 5:colcon.colcon_core.verb:set package 'pub1-3' build argument 'catkin_cmake_args' from command line to 'None'
[0.418s] Level 5:colcon.colcon_core.verb:set package 'pub1-3' build argument 'catkin_skip_building_tests' from command line to 'False'
[0.418s] DEBUG:colcon.colcon_core.verb:Building package 'pub1-3' with the following arguments: {'ament_cmake_args': None, 'build_base': '/home/linux/ros2_ws/build/pub1-3', 'catkin_cmake_args': None, 'catkin_skip_building_tests': False, 'cmake_args': None, 'cmake_clean_cache': False, 'cmake_clean_first': False, 'cmake_force_configure': False, 'cmake_target': None, 'cmake_target_skip_unavailable': False, 'install_base': '/home/linux/ros2_ws/install/pub1-3', 'merge_install': False, 'path': '/home/linux/ros2_ws/src/pub1-3', 'symlink_install': True, 'test_result_base': None}
[0.418s] INFO:colcon.colcon_core.executor:Executing jobs using 'parallel' executor
[0.418s] DEBUG:colcon.colcon_parallel_executor.executor.parallel:run_until_complete
[0.419s] INFO:colcon.colcon_ros.task.ament_cmake.build:Building ROS package in '/home/linux/ros2_ws/src/pub1-3' with build type 'ament_cmake'
[0.419s] INFO:colcon.colcon_cmake.task.cmake.build:Building CMake package in '/home/linux/ros2_ws/src/pub1-3'
[0.423s] INFO:colcon.colcon_core.plugin_system:Skipping extension 'colcon_core.shell.bat': Not used on non-Windows systems
[0.423s] INFO:colcon.colcon_core.shell:Skip shell extension 'powershell' for command environment: Not usable outside of PowerShell
[0.423s] DEBUG:colcon.colcon_core.shell:Skip shell extension 'dsv' for command environment
[0.430s] DEBUG:colcon.colcon_core.event_handler.log_command:Invoking command in '/home/linux/ros2_ws/build/pub1-3': CMAKE_PREFIX_PATH=${CMAKE_PREFIX_PATH}:/opt/ros/foxy CONDA_PROMPT_MODIFIER=(ros2) /usr/bin/cmake /home/linux/ros2_ws/src/pub1-3 -DAMENT_CMAKE_SYMLINK_INSTALL=1 -DCMAKE_INSTALL_PREFIX=/home/linux/ros2_ws/install/pub1-3
[3.896s] DEBUG:colcon.colcon_core.event_handler.log_command:Invoked command in '/home/linux/ros2_ws/build/pub1-3' returned '0': CMAKE_PREFIX_PATH=${CMAKE_PREFIX_PATH}:/opt/ros/foxy CONDA_PROMPT_MODIFIER=(ros2) /usr/bin/cmake /home/linux/ros2_ws/src/pub1-3 -DAMENT_CMAKE_SYMLINK_INSTALL=1 -DCMAKE_INSTALL_PREFIX=/home/linux/ros2_ws/install/pub1-3
[3.898s] DEBUG:colcon.colcon_core.event_handler.log_command:Invoking command in '/home/linux/ros2_ws/build/pub1-3': CMAKE_PREFIX_PATH=${CMAKE_PREFIX_PATH}:/opt/ros/foxy CONDA_PROMPT_MODIFIER=(ros2) /usr/bin/cmake --build /home/linux/ros2_ws/build/pub1-3 -- -j20 -l20
[5.916s] DEBUG:colcon.colcon_core.event_handler.log_command:Invoked command in '/home/linux/ros2_ws/build/pub1-3' returned '0': CMAKE_PREFIX_PATH=${CMAKE_PREFIX_PATH}:/opt/ros/foxy CONDA_PROMPT_MODIFIER=(ros2) /usr/bin/cmake --build /home/linux/ros2_ws/build/pub1-3 -- -j20 -l20
[5.925s] DEBUG:colcon.colcon_core.event_handler.log_command:Invoking command in '/home/linux/ros2_ws/build/pub1-3': CMAKE_PREFIX_PATH=${CMAKE_PREFIX_PATH}:/opt/ros/foxy CONDA_PROMPT_MODIFIER=(ros2) /usr/bin/cmake --install /home/linux/ros2_ws/build/pub1-3
[6.027s] Level 1:colcon.colcon_core.environment:create_environment_scripts_only(pub1-3)
[6.028s] DEBUG:colcon.colcon_core.event_handler.log_command:Invoked command in '/home/linux/ros2_ws/build/pub1-3' returned '0': CMAKE_PREFIX_PATH=${CMAKE_PREFIX_PATH}:/opt/ros/foxy CONDA_PROMPT_MODIFIER=(ros2) /usr/bin/cmake --install /home/linux/ros2_ws/build/pub1-3
[6.032s] Level 1:colcon.colcon_core.environment:checking '/home/linux/ros2_ws/install/pub1-3' for CMake module files
[6.032s] Level 1:colcon.colcon_core.environment:checking '/home/linux/ros2_ws/install/pub1-3' for CMake config files
[6.032s] Level 1:colcon.colcon_core.shell:create_environment_hook('pub1-3', 'cmake_prefix_path')
[6.032s] INFO:colcon.colcon_core.shell:Creating environment hook '/home/linux/ros2_ws/install/pub1-3/share/pub1-3/hook/cmake_prefix_path.ps1'
[6.034s] INFO:colcon.colcon_core.shell:Creating environment descriptor '/home/linux/ros2_ws/install/pub1-3/share/pub1-3/hook/cmake_prefix_path.dsv'
[6.034s] INFO:colcon.colcon_core.shell:Creating environment hook '/home/linux/ros2_ws/install/pub1-3/share/pub1-3/hook/cmake_prefix_path.sh'
[6.035s] Level 1:colcon.colcon_core.environment:checking '/home/linux/ros2_ws/install/pub1-3/lib'
[6.035s] Level 1:colcon.colcon_core.environment:checking '/home/linux/ros2_ws/install/pub1-3/bin'
[6.035s] Level 1:colcon.colcon_core.environment:checking '/home/linux/ros2_ws/install/pub1-3/lib/pkgconfig/pub1-3.pc'
[6.035s] Level 1:colcon.colcon_core.environment:checking '/home/linux/ros2_ws/install/pub1-3/lib/python3.8/site-packages'
[6.035s] Level 1:colcon.colcon_core.environment:checking '/home/linux/ros2_ws/install/pub1-3/bin'
[6.036s] INFO:colcon.colcon_core.shell:Creating package script '/home/linux/ros2_ws/install/pub1-3/share/pub1-3/package.ps1'
[6.036s] INFO:colcon.colcon_core.shell:Creating package descriptor '/home/linux/ros2_ws/install/pub1-3/share/pub1-3/package.dsv'
[6.037s] INFO:colcon.colcon_core.shell:Creating package script '/home/linux/ros2_ws/install/pub1-3/share/pub1-3/package.sh'
[6.037s] INFO:colcon.colcon_core.shell:Creating package script '/home/linux/ros2_ws/install/pub1-3/share/pub1-3/package.bash'
[6.038s] INFO:colcon.colcon_core.shell:Creating package script '/home/linux/ros2_ws/install/pub1-3/share/pub1-3/package.zsh'
[6.038s] Level 1:colcon.colcon_core.environment:create_file_with_runtime_dependencies(/home/linux/ros2_ws/install/pub1-3/share/colcon-core/packages/pub1-3)
[6.039s] Level 1:colcon.colcon_core.environment:create_environment_scripts_only(pub1-3)
[6.039s] Level 1:colcon.colcon_core.environment:checking '/home/linux/ros2_ws/install/pub1-3' for CMake module files
[6.040s] Level 1:colcon.colcon_core.environment:checking '/home/linux/ros2_ws/install/pub1-3' for CMake config files
[6.040s] Level 1:colcon.colcon_core.shell:create_environment_hook('pub1-3', 'cmake_prefix_path')
[6.040s] INFO:colcon.colcon_core.shell:Creating environment hook '/home/linux/ros2_ws/install/pub1-3/share/pub1-3/hook/cmake_prefix_path.ps1'
[6.040s] INFO:colcon.colcon_core.shell:Creating environment descriptor '/home/linux/ros2_ws/install/pub1-3/share/pub1-3/hook/cmake_prefix_path.dsv'
[6.040s] INFO:colcon.colcon_core.shell:Creating environment hook '/home/linux/ros2_ws/install/pub1-3/share/pub1-3/hook/cmake_prefix_path.sh'
[6.041s] Level 1:colcon.colcon_core.environment:checking '/home/linux/ros2_ws/install/pub1-3/lib'
[6.041s] Level 1:colcon.colcon_core.environment:checking '/home/linux/ros2_ws/install/pub1-3/bin'
[6.041s] Level 1:colcon.colcon_core.environment:checking '/home/linux/ros2_ws/install/pub1-3/lib/pkgconfig/pub1-3.pc'
[6.041s] Level 1:colcon.colcon_core.environment:checking '/home/linux/ros2_ws/install/pub1-3/lib/python3.8/site-packages'
[6.041s] Level 1:colcon.colcon_core.environment:checking '/home/linux/ros2_ws/install/pub1-3/bin'
[6.041s] INFO:colcon.colcon_core.shell:Creating package script '/home/linux/ros2_ws/install/pub1-3/share/pub1-3/package.ps1'
[6.042s] INFO:colcon.colcon_core.shell:Creating package descriptor '/home/linux/ros2_ws/install/pub1-3/share/pub1-3/package.dsv'
[6.042s] INFO:colcon.colcon_core.shell:Creating package script '/home/linux/ros2_ws/install/pub1-3/share/pub1-3/package.sh'
[6.042s] INFO:colcon.colcon_core.shell:Creating package script '/home/linux/ros2_ws/install/pub1-3/share/pub1-3/package.bash'
[6.042s] INFO:colcon.colcon_core.shell:Creating package script '/home/linux/ros2_ws/install/pub1-3/share/pub1-3/package.zsh'
[6.043s] Level 1:colcon.colcon_core.environment:create_file_with_runtime_dependencies(/home/linux/ros2_ws/install/pub1-3/share/colcon-core/packages/pub1-3)
[6.043s] DEBUG:colcon.colcon_parallel_executor.executor.parallel:closing loop
[6.043s] DEBUG:colcon.colcon_parallel_executor.executor.parallel:loop closed
[6.043s] DEBUG:colcon.colcon_parallel_executor.executor.parallel:run_until_complete finished with '0'
[6.043s] DEBUG:colcon.colcon_core.event_reactor:joining thread
[6.073s] INFO:colcon.colcon_core.plugin_system:Skipping extension 'colcon_notification.desktop_notification.notify_send': Could not find 'notify-send'
[6.074s] INFO:colcon.colcon_core.plugin_system:Skipping extension 'colcon_notification.desktop_notification.terminal_notifier': Not used on non-Darwin systems
[6.074s] INFO:colcon.colcon_core.plugin_system:Skipping extension 'colcon_notification.desktop_notification.win32': Not used on non-Windows systems
[6.074s] INFO:colcon.colcon_notification.desktop_notification:Sending desktop notification using 'notify2'
[6.075s] DEBUG:colcon.colcon_notification.desktop_notification.notify2:Failed to initialize notify2: org.freedesktop.DBus.Error.ServiceUnknown: The name org.freedesktop.Notifications was not provided by any .service files
[6.075s] DEBUG:colcon.colcon_core.event_reactor:joined thread
[6.076s] INFO:colcon.colcon_core.shell:Creating prefix script '/home/linux/ros2_ws/install/local_setup.ps1'
[6.076s] INFO:colcon.colcon_core.shell:Creating prefix util module '/home/linux/ros2_ws/install/_local_setup_util_ps1.py'
[6.077s] INFO:colcon.colcon_core.shell:Creating prefix chain script '/home/linux/ros2_ws/install/setup.ps1'
[6.078s] INFO:colcon.colcon_core.shell:Creating prefix script '/home/linux/ros2_ws/install/local_setup.sh'
[6.079s] INFO:colcon.colcon_core.shell:Creating prefix util module '/home/linux/ros2_ws/install/_local_setup_util_sh.py'
[6.079s] INFO:colcon.colcon_core.shell:Creating prefix chain script '/home/linux/ros2_ws/install/setup.sh'
[6.080s] INFO:colcon.colcon_core.shell:Creating prefix script '/home/linux/ros2_ws/install/local_setup.bash'
[6.081s] INFO:colcon.colcon_core.shell:Creating prefix chain script '/home/linux/ros2_ws/install/setup.bash'
[6.081s] INFO:colcon.colcon_core.shell:Creating prefix script '/home/linux/ros2_ws/install/local_setup.zsh'
[6.082s] INFO:colcon.colcon_core.shell:Creating prefix chain script '/home/linux/ros2_ws/install/setup.zsh'
